Wed Apr 05 11:22:50 EDT 2017 : Apache Derby Network Server - 10.11.1.2 - (1629631) started and ready to accept connections on port 1527
----------------------------------------------------------------
Wed Apr 05 11:22:50 EDT 2017:
Booting Derby version The Apache Software Foundation - Apache Derby - 10.11.1.2 - (1629631): instance a816c00e-015b-3eb6-0deb-00002f51b46b 
on database directory F:\CSD-4464\Hangman\Hangman with class loader sun.misc.Launcher$AppClassLoader@6f94fa3e 
Loaded from file:/C:/Program%20Files/Java/jdk1.8.0_112/db/lib/derby.jar
java.vendor=Oracle Corporation
java.runtime.version=1.8.0_112-b15
user.dir=C:\Program Files\Java\jdk1.8.0_112\db
os.name=Windows 7
os.arch=amd64
os.version=6.1
derby.system.home=F:\CSD-4464\Hangman
Database Class Loader started - derby.database.classpath=''
----------------------------------------------------------------
Wed Apr 05 11:22:53 EDT 2017:
Shutting down instance a816c00e-015b-3eb6-0deb-00002f51b46b on database directory F:\CSD-4464\Hangman\Hangman with class loader sun.misc.Launcher$AppClassLoader@6f94fa3e 
Wed Apr 05 11:22:53 EDT 2017 Thread[DRDAConnThread_2,5,main] (DATABASE = Hangman), (DRDAID = {2}), Database 'Hangman' shutdown.
----------------------------------------------------------------
Wed Apr 05 11:23:46 EDT 2017:
Booting Derby version The Apache Software Foundation - Apache Derby - 10.11.1.2 - (1629631): instance a65c80ac-015b-3eb6-0deb-00002f51b46b 
on database directory F:\CSD-4464\Hangman\Hangman with class loader sun.misc.Launcher$AppClassLoader@6f94fa3e 
Loaded from file:/C:/Program%20Files/Java/jdk1.8.0_112/db/lib/derby.jar
java.vendor=Oracle Corporation
java.runtime.version=1.8.0_112-b15
user.dir=C:\Program Files\Java\jdk1.8.0_112\db
os.name=Windows 7
os.arch=amd64
os.version=6.1
derby.system.home=F:\CSD-4464\Hangman
Database Class Loader started - derby.database.classpath=''
